0 info it worked if it ends with ok
1 verbose cli [ '/usr/bin/nodejs', '/usr/local/bin/npm', 'install', 'build.js' ]
2 info using npm@4.1.2
3 info using node@v4.2.6
4 silly loadCurrentTree Starting
5 silly install loadCurrentTree
6 silly install readLocalPackageData
7 silly fetchPackageMetaData build.js
8 silly fetchOtherPackageData build.js
9 silly cache add args [ 'build.js', null ]
10 verbose cache add spec build.js
11 silly cache add parsed spec Result {
11 silly cache add   raw: 'build.js',
11 silly cache add   scope: null,
11 silly cache add   escapedName: 'build.js',
11 silly cache add   name: null,
11 silly cache add   rawSpec: 'build.js',
11 silly cache add   spec: '/home/rodpil/Documents/web/vuejs/vuejs/dist/build.js',
11 silly cache add   type: 'local' }
12 silly addLocalTarball shasum (computed) beaad671164d87fb3ef5c09cf55031e765b4efe6
13 verbose addTmpTarball /home/rodpil/Documents/web/vuejs/vuejs/dist/build.js not in flight; adding
14 verbose correctMkdir /home/rodpil/.npm correctMkdir not in flight; initializing
15 verbose addTmpTarball validating metadata from /home/rodpil/Documents/web/vuejs/vuejs/dist/build.js
16 verbose tar unpack /home/rodpil/Documents/web/vuejs/vuejs/dist/build.js
17 verbose tar unpacking to /tmp/npm-9858-22bded1b/unpack-a0001c72
18 silly gentlyRm /tmp/npm-9858-22bded1b/unpack-a0001c72 is being purged
19 verbose gentlyRm don't care about contents; nuking /tmp/npm-9858-22bded1b/unpack-a0001c72
20 silly gunzTarPerm modes [ '775', '664' ]
21 error not a package /home/rodpil/Documents/web/vuejs/vuejs/dist/build.js
22 error addLocal Could not install /home/rodpil/Documents/web/vuejs/vuejs/dist/build.js
23 silly fetchPackageMetaData Error: ENOENT: no such file or directory, open '/tmp/npm-9858-22bded1b/unpack-a0001c72/package.json'
23 silly fetchPackageMetaData     at Error (native)
23 silly fetchPackageMetaData  error for build.js { [Error: ENOENT: no such file or directory, open '/tmp/npm-9858-22bded1b/unpack-a0001c72/package.json']
23 silly fetchPackageMetaData   errno: -2,
23 silly fetchPackageMetaData   code: 'ENOENT',
23 silly fetchPackageMetaData   syscall: 'open',
23 silly fetchPackageMetaData   path: '/tmp/npm-9858-22bded1b/unpack-a0001c72/package.json' }
24 silly rollbackFailedOptional Starting
25 silly rollbackFailedOptional Finishing
26 silly runTopLevelLifecycles Finishing
27 silly install printInstalled
28 verbose stack Error: ENOENT: no such file or directory, open '/tmp/npm-9858-22bded1b/unpack-a0001c72/package.json'
28 verbose stack     at Error (native)
29 verbose cwd /home/rodpil/Documents/web/vuejs/vuejs/dist
30 error Linux 4.4.0-59-generic
31 error argv "/usr/bin/nodejs" "/usr/local/bin/npm" "install" "build.js"
32 error node v4.2.6
33 error npm  v4.1.2
34 error path /tmp/npm-9858-22bded1b/unpack-a0001c72/package.json
35 error code ENOENT
36 error errno -2
37 error syscall open
38 error enoent ENOENT: no such file or directory, open '/tmp/npm-9858-22bded1b/unpack-a0001c72/package.json'
39 error enoent ENOENT: no such file or directory, open '/tmp/npm-9858-22bded1b/unpack-a0001c72/package.json'
39 error enoent This is most likely not a problem with npm itself
39 error enoent and is related to npm not being able to find a file.
40 verbose exit [ -2, true ]
